<?xml version="1.0" encoding="UTF-8"?>
<!-- Generated by org.testng.reporters.JUnitReportReporter -->
<testsuite skipped="0" hostname="DESKTOP-F4OKUJH" name="com.w2a.testcase.LoginTest" tests="2" failures="0" timestamp="15 Jul 2020 06:04:43 GMT" time="9.384" errors="0">
  <testcase name="InvalidLogin" time="5.132" classname="com.w2a.testcase.LoginTest"/>
  <testcase name="Validlogin" time="4.252" classname="com.w2a.testcase.LoginTest"/>
</testsuite> <!-- com.w2a.testcase.LoginTest -->
