<?xml version="1.0" encoding="UTF-8"?>
<!-- Generated by org.testng.reporters.JUnitReportReporter -->
<testsuite skipped="0" hostname="DESKTOP-F4OKUJH" name="com.w2a.testcase.TestConverter" tests="1" failures="0" timestamp="02 Jul 2020 10:59:19 GMT" time="99.957" errors="0">
  <testcase name="RunMigration" time="99.957" classname="com.w2a.testcase.TestConverter"/>
</testsuite> <!-- com.w2a.testcase.TestConverter -->
