<?xml version="1.0" encoding="UTF-8"?>
<!-- Generated by org.testng.reporters.JUnitReportReporter -->
<testsuite skipped="0" hostname="DESKTOP-F4OKUJH" name="com.w2a.testcase.Form" tests="1" failures="0" timestamp="15 Jul 2020 07:37:27 GMT" time="13.780" errors="0">
  <testcase name="validateFormCreation" time="13.780" classname="com.w2a.testcase.Form"/>
</testsuite> <!-- com.w2a.testcase.Form -->
