<?xml version="1.0" encoding="UTF-8"?>
<!-- Generated by org.testng.reporters.JUnitReportReporter -->
<testsuite skipped="0" hostname="DESKTOP-F4OKUJH" name="com.w2a.testcase.Users" tests="2" failures="0" timestamp="15 Jul 2020 09:31:38 GMT" time="6.943" errors="0">
  <testcase name="ViewExistingUsers" time="3.991" classname="com.w2a.testcase.Users"/>
  <testcase name="CreateUsers" time="2.952" classname="com.w2a.testcase.Users"/>
</testsuite> <!-- com.w2a.testcase.Users -->
